<?xml version="1.0" encoding="UTF-8"?>
<!-- Generated by org.testng.reporters.JUnitReportReporter -->
<testsuite hostname="DESKTOP-RP7ECBF" failures="0" tests="1" name="test.logintest" time="3.932" errors="0" timestamp="2024-01-09T18:31:13 IST" skipped="0">
  <testcase classname="test.logintest" name="testLogin" time="3.932"/>
</testsuite> <!-- test.logintest -->
